[debug] [2023-02-15T05:06:51.335Z] ----------------------------------------------------------------------
[debug] [2023-02-15T05:06:51.345Z] Command:       C:\Program Files\nodejs\node.exe C:\Users\Asus\AppData\Roaming\npm\node_modules\firebase-tools\lib\bin\firebase.js init
[debug] [2023-02-15T05:06:51.349Z] CLI Version:   11.23.1
[debug] [2023-02-15T05:06:51.350Z] Platform:      win32
[debug] [2023-02-15T05:06:51.351Z] Node Version:  v16.17.0
[debug] [2023-02-15T05:06:51.355Z] Time:          Wed Feb 15 2023 10:36:51 GMT+0530 (India Standard Time)
[debug] [2023-02-15T05:06:51.356Z] ----------------------------------------------------------------------
[debug] 
[debug] [2023-02-15T05:06:52.162Z] > command requires scopes: ["email","openid","https://www.googleapis.com/auth/cloudplatformprojects.readonly","https://www.googleapis.com/auth/firebase","https://www.googleapis.com/auth/cloud-platform"]
[debug] [2023-02-15T05:06:52.166Z] > authorizing via signed-in user (dineshkumar.somaraju@gmail.com)
[info] 
     ######## #### ########  ######## ########     ###     ######  ########
     ##        ##  ##     ## ##       ##     ##  ##   ##  ##       ##
     ######    ##  ########  ######   ########  #########  ######  ######
     ##        ##  ##    ##  ##       ##     ## ##     ##       ## ##
     ##       #### ##     ## ######## ########  ##     ##  ######  ########

You're about to initialize a Firebase project in this directory:

  C:\Users\Asus\Desktop\Flexit\flexit-ott

Before we get started, keep in mind:

  * You are initializing within an existing Firebase project directory

